[2025-04-09 15:16:36] Server started successfully on port 50052
[2025-04-09 15:16:38] Client initialized successfully
[2025-04-09 15:17:47] Server started successfully on port 50052
[2025-04-09 15:17:52] Client initialized successfully
[2025-04-09 15:17:58] Calorie calculation - Age: 20, Gender: MALE, Weight: 70.0, Height: 170.0, Activity: SEDENTARY, Result: 
Calculation Results:
Basal Metabolic Rate (BMR): 1667.5 calories
Total Daily Energy Expenditure (TDEE): 2001.0 calories
Calories for Weight Loss: 1501.0 calories
Calories for Weight Gain: 2501.0 calories

[2025-04-09 15:18:20] Server started successfully on port 50053
[2025-04-09 15:18:21] Client initialized successfully
[2025-04-09 15:18:27] Calorie calculation completed successfully
[2025-04-09 15:20:14] Server started successfully on port 50053
[2025-04-09 15:20:16] Client initialized successfully
[2025-04-09 15:20:18] Calculating calories for: hamburger(1), pizza(1)
[2025-04-09 15:20:18] Food calorie - hamburger: 550 kcal, hamburger: 550 calories per serving (Total so far: 550 kcal)
[2025-04-09 15:20:18] Food calorie - pizza: 285 kcal, pizza: 285 calories per serving (Total so far: 835 kcal)
[2025-04-09 15:20:18] Total calories calculated: 835 kcal
[2025-04-09 15:20:18] Calorie calculation completed successfully
[2025-04-09 15:20:39] Error starting server: Failed to bind to address 0.0.0.0/0.0.0.0:50053
[2025-04-09 15:20:39] Client initialized successfully
[2025-04-09 15:20:45] Error starting server: Failed to bind to address 0.0.0.0/0.0.0.0:50053
[2025-04-09 15:20:49] Error getting workout recommendations: UNIMPLEMENTED: Method not found: calorie.WorkoutRecommendationService/GetWorkoutRecommendations
[2025-04-09 15:22:19] Server started successfully on port 50053
[2025-04-09 15:22:21] Client initialized successfully
[2025-04-09 15:22:23] Workout recommendation - Exercise: Push-ups, Sets: 3, Reps: 10, Equipment: None
[2025-04-09 15:22:23] Workout recommendation - Exercise: Dumbbell Rows, Sets: 3, Reps: 12, Equipment: Dumbbells
[2025-04-09 15:22:23] Workout recommendation - Exercise: Shoulder Press, Sets: 3, Reps: 12, Equipment: Dumbbells
[2025-04-09 15:22:23] Workout recommendations requested for UPPER_BODY at BEGINNER level
[2025-04-09 15:22:23] Total workout recommendations: 3 for UPPER_BODY at BEGINNER level
[2025-04-09 15:22:23] Total workout recommendations: 3 for UPPER_BODY at BEGINNER level
[2025-04-09 15:22:23] Total workout recommendations: 3 for UPPER_BODY at BEGINNER level
[2025-04-09 15:22:35] Workout recommendation - Exercise: Squats, Sets: 3, Reps: 15, Equipment: None
[2025-04-09 15:22:35] Workout recommendation - Exercise: Lunges, Sets: 3, Reps: 12, Equipment: None
[2025-04-09 15:22:35] Workout recommendation - Exercise: Calf Raises, Sets: 3, Reps: 20, Equipment: None
[2025-04-09 15:22:35] Workout recommendations requested for LOWER_BODY at BEGINNER level
[2025-04-09 15:22:35] Total workout recommendations: 3 for LOWER_BODY at BEGINNER level
[2025-04-09 15:22:35] Total workout recommendations: 3 for LOWER_BODY at BEGINNER level
[2025-04-09 15:22:35] Total workout recommendations: 3 for LOWER_BODY at BEGINNER level
[2025-04-09 15:22:49] Workout recommendation - Exercise: Plank, Sets: 9, Reps: 3, Equipment: Mat
[2025-04-09 15:22:49] Workout recommendation - Exercise: Crunches, Sets: 9, Reps: 45, Equipment: Mat
[2025-04-09 15:22:49] Workout recommendation - Exercise: Russian Twists, Sets: 9, Reps: 36, Equipment: Mat, Dumbbell
[2025-04-09 15:22:49] Workout recommendations requested for CORE at ADVANCED level
[2025-04-09 15:22:49] Total workout recommendations: 3 for CORE at ADVANCED level
[2025-04-09 15:22:49] Total workout recommendations: 3 for CORE at ADVANCED level
[2025-04-09 15:22:49] Total workout recommendations: 3 for CORE at ADVANCED level
